0 info it worked if it ends with ok
1 verbose cli [ 'C:\\Program Files\\nodejs\\node.exe',
1 verbose cli   'C:\\Program Files\\nodejs\\node_modules\\npm\\bin\\npm-cli.js',
1 verbose cli   'run',
1 verbose cli   'watch:scss' ]
2 info using npm@3.10.10
3 info using node@v6.11.3
4 verbose run-script [ 'prewatch:scss', 'watch:scss', 'postwatch:scss' ]
5 info lifecycle confusion@1.0.0~prewatch:scss: confusion@1.0.0
6 silly lifecycle confusion@1.0.0~prewatch:scss: no script for prewatch:scss, continuing
7 info lifecycle confusion@1.0.0~watch:scss: confusion@1.0.0
8 verbose lifecycle confusion@1.0.0~watch:scss: unsafe-perm in lifecycle true
9 verbose lifecycle confusion@1.0.0~watch:scss: PATH: C:\Program Files\nodejs\node_modules\npm\bin\node-gyp-bin;C:\Users\reysa\Desktop\backup\Full stack and mobile\curso 1, Bootstrap4\Bootstrap4\conFusion\node_modules\.bin;C:\Users\reysa\AppData\Roaming\npm;C:\Program Files\Git\cmd;C:\Program Files\nodejs\;C:\Users\reysa\AppData\Roaming\npm
10 verbose lifecycle confusion@1.0.0~watch:scss: CWD: C:\Users\reysa\Desktop\backup\Full stack and mobile\curso 1, Bootstrap4\Bootstrap4\conFusion
11 silly lifecycle confusion@1.0.0~watch:scss: Args: [ '/d /s /c', 'onchange "css/*.scss" -- npm run scss' ]
12 silly lifecycle confusion@1.0.0~watch:scss: Returned: code: 3221225786  signal: null
13 info lifecycle confusion@1.0.0~watch:scss: Failed to exec watch:scss script
14 verbose stack Error: confusion@1.0.0 watch:scss: `onchange "css/*.scss" -- npm run scss`
14 verbose stack Exit status 3221225786
14 verbose stack     at EventEmitter.<anonymous> (C:\Program Files\nodejs\node_modules\npm\lib\utils\lifecycle.js:255:16)
14 verbose stack     at emitTwo (events.js:106:13)
14 verbose stack     at EventEmitter.emit (events.js:191:7)
14 verbose stack     at ChildProcess.<anonymous> (C:\Program Files\nodejs\node_modules\npm\lib\utils\spawn.js:40:14)
14 verbose stack     at emitTwo (events.js:106:13)
14 verbose stack     at ChildProcess.emit (events.js:191:7)
14 verbose stack     at maybeClose (internal/child_process.js:920:16)
14 verbose stack     at Process.ChildProcess._handle.onexit (internal/child_process.js:230:5)
15 verbose pkgid confusion@1.0.0
16 verbose cwd C:\Users\reysa\Desktop\backup\Full stack and mobile\curso 1, Bootstrap4\Bootstrap4\conFusion
17 error Windows_NT 10.0.14393
18 error argv "C:\\Program Files\\nodejs\\node.exe" "C:\\Program Files\\nodejs\\node_modules\\npm\\bin\\npm-cli.js" "run" "watch:scss"
19 error node v6.11.3
20 error npm  v3.10.10
21 error code ELIFECYCLE
22 error confusion@1.0.0 watch:scss: `onchange "css/*.scss" -- npm run scss`
22 error Exit status 3221225786
23 error Failed at the confusion@1.0.0 watch:scss script 'onchange "css/*.scss" -- npm run scss'.
23 error Make sure you have the latest version of node.js and npm installed.
23 error If you do, this is most likely a problem with the confusion package,
23 error not with npm itself.
23 error Tell the author that this fails on your system:
23 error     onchange "css/*.scss" -- npm run scss
23 error You can get information on how to open an issue for this project with:
23 error     npm bugs confusion
23 error Or if that isn't available, you can get their info via:
23 error     npm owner ls confusion
23 error There is likely additional logging output above.
24 verbose exit [ 1, true ]
